[debug] [2025-05-22T13:34:41.861Z] ----------------------------------------------------------------------
[debug] [2025-05-22T13:34:41.863Z] Command:       C:\Program Files\nodejs\node.exe C:\Users\ricka\AppData\Roaming\npm\node_modules\firebase-tools\lib\bin\firebase.js init hosting:github
[debug] [2025-05-22T13:34:41.863Z] CLI Version:   14.4.0
[debug] [2025-05-22T13:34:41.864Z] Platform:      win32
[debug] [2025-05-22T13:34:41.864Z] Node Version:  v22.14.0
[debug] [2025-05-22T13:34:41.864Z] Time:          Thu May 22 2025 19:04:41 GMT+0530 (India Standard Time)
[debug] [2025-05-22T13:34:41.864Z] ----------------------------------------------------------------------
[debug] 
[debug] [2025-05-22T13:34:42.057Z] > command requires scopes: ["email","openid","https://www.googleapis.com/auth/cloudplatformprojects.readonly","https://www.googleapis.com/auth/firebase","https://www.googleapis.com/auth/cloud-platform"]
[debug] [2025-05-22T13:34:42.057Z] > authorizing via signed-in user (rickak825@gmail.com)
[info] 
     ######## #### ########  ######## ########     ###     ######  ########
     ##        ##  ##     ## ##       ##     ##  ##   ##  ##       ##
     ######    ##  ########  ######   ########  #########  ######  ######
     ##        ##  ##    ##  ##       ##     ## ##     ##       ## ##
     ##       #### ##     ## ######## ########  ##     ##  ######  ########

You're about to initialize a Firebase project in this directory:

  D:\Project 2025\Blogging\blogweb1

Before we get started, keep in mind:

  * You are initializing within an existing Firebase project directory

[debug] [2025-05-22T13:35:09.869Z] ExitPromptError: User force closed the prompt with SIGINT
    at Interface.sigint (C:\Users\ricka\AppData\Roaming\npm\node_modules\firebase-tools\node_modules\@inquirer\core\dist\commonjs\lib\create-prompt.js:100:37)
    at Interface.emit (node:events:518:28)
    at Interface.emit (node:domain:489:12)
    at [_ttyWrite] [as _ttyWrite] (node:internal/readline/interface:1124:18)
    at ReadStream.onkeypress (node:internal/readline/interface:263:20)
    at ReadStream.emit (node:events:530:35)
    at ReadStream.emit (node:domain:489:12)
    at emitKeys (node:internal/readline/utils:370:14)
    at emitKeys.next (<anonymous>)
    at ReadStream.onData (node:internal/readline/emitKeypressEvents:64:36)
[error] 
[error] Error: An unexpected error has occurred.
